Build started 6/7/2016 3:01:48 PM.
     1>Project "C:\Users\eric\Documents\Visual Studio 2015\Projects\dueric_summativesdl\dueric_summativesdl\dueric_summativesdl.vcxproj" on node 2 (Build target(s)).
     1>ClCompile:
         C:\Program Files (x86)\Microsoft Visual Studio 14.0\VC\bin\CL.exe /c /ZI /nologo /W3 /WX- /sdl /Od /Oy- /D _MBCS /Gm /EHsc /RTC1 /MDd /GS /fp:precise /Zc:wchar_t /Zc:forScope /Zc:inline /Fo"Debug\\" /Fd"Debug\vc140.pdb" /Gd /TP /analyze- /errorReport:prompt Initialize.cpp Player.cpp
         Player.cpp
     1>c:\users\eric\documents\visual studio 2015\projects\dueric_summativesdl\dueric_summativesdl\player.cpp(20): error C2143: syntax error: missing ';' before '}'
         Initialize.cpp
         Generating Code...
     1>Done Building Project "C:\Users\eric\Documents\Visual Studio 2015\Projects\dueric_summativesdl\dueric_summativesdl\dueric_summativesdl.vcxproj" (Build target(s)) -- FAILED.

Build FAILED.

Time Elapsed 00:00:00.65
